<?xml version="1.0" encoding="UTF-8"?>
<!-- Generated by org.testng.reporters.JUnitReportReporter -->
<testsuite hostname="LenovoFlex" failures="0" tests="1" name="com.tests.DashboardPageTest" time="0.000" errors="0" timestamp="2023-03-06T15:15:36 IST" skipped="1">
  <testcase classname="com.tests.DashboardPageTest" name="test01_checkHomepageTitle" time="0.000">
    <skipped/>
  </testcase> <!-- test01_checkHomepageTitle -->
  <system-out/>
</testsuite> <!-- com.tests.DashboardPageTest -->
