<?xml version="1.0" encoding="UTF-8"?>
<!-- Generated by org.testng.reporters.JUnitReportReporter -->
<testsuite hostname="LenovoFlex" failures="0" tests="3" name="com.tests.LoginTest" time="0.000" errors="0" timestamp="2023-03-06T15:15:36 IST" skipped="3">
  <testcase classname="com.tests.LoginTest" name="test02_enterInvalidCredentials" time="0.000">
    <skipped/>
  </testcase> <!-- test02_enterInvalidCredentials -->
  <system-out/>
  <testcase classname="com.tests.LoginTest" name="test01_selectValidCredentials" time="0.000">
    <skipped/>
  </testcase> <!-- test01_selectValidCredentials -->
  <system-out/>
  <testcase classname="com.tests.LoginTest" name="test03_checkErrorMsg" time="0.000">
    <skipped/>
  </testcase> <!-- test03_checkErrorMsg -->
  <system-out/>
</testsuite> <!-- com.tests.LoginTest -->
